apk/source/app/build/outputs/mapping/release/seeds.txt
app.vercel.my_password.twa.DelegationService: DelegationService()
app.vercel.my_password.twa.LauncherActivity: LauncherActivity()
app.vercel.my_password.twa.DelegationService
app.vercel.my_password.twa.Application: Application()
app.vercel.my_password.twa.LauncherActivity
app.vercel.my_password.twa.Application
...
androidx.appcompat.R$styleable: int SearchView_queryBackground
androidx.appcompat.widget.Toolbar: void setCollapseContentDescription(java.lang.CharSequence)
androidx.appcompat.widget.AppCompatTextView: int getLastBaselineToBottomHeight()
androidx.appcompat.widget.AlertDialogLayout
androidx.appcompat.R$styleable: int AppCompatTheme_actionModeShareDrawable
androidx.appcompat.widget.AppCompatTextView: androidx.core.text.PrecomputedTextCompat$Params getTextMetricsParamsCompat()
androidx.appcompat.R$dimen: int abc_text_size_title_material
androidx.appcompat.R$style: int Base_TextAppearance_AppCompat_SearchResult_Title
androidx.lifecycle.Lifecycle$Event: androidx.lifecycle.Lifecycle$Event ON_PAUSE
com.google.android.gms.base.R$drawable: int common_google_signin_btn_text_dark_normal
com.google.android.gms.common.api.Scope: android.os.Parcelable$Creator CREATOR
androidx.appcompat.resources.R$styleable: int GradientColor_android_startColor
androidx.vectordrawable.graphics.drawable.VectorDrawableCompat$VFullPath: void setStrokeAlpha(float)
androidx.core.R$id: int right_icon
androidx.appcompat.R$styleable: int FontFamily_fontProviderFetchTimeout
androidx.appcompat.widget.AppCompatSpinner: void setSupportBackgroundTintList(android.content.res.ColorStateList)
androidx.appcompat.widget.AppCompatCheckBox: void setButtonDrawable(android.graphics.drawable.Drawable)
androidx.appcompat.widget.AppCompatMultiAutoCompleteTextView: android.content.res.ColorStateList getSupportBackgroundTintList()
com.google.androidbrowserhelper.R$drawable: int notification_bg_normal
androidx.appcompat.R$attr: int textAppearanceListItemSecondary
androidx.appcompat.widget.SearchView: androidx.cursoradapter.widget.CursorAdapter getSuggestionsAdapter()
androidx.appcompat.widget.ActionBarContainer
androidx.appcompat.R$styleable: int[] GradientColor
androidx.appcompat.resources.R$styleable: int GradientColor_android_endX
androidx.core.R$styleable: int GradientColor_android_startY
androidx.appcompat.R$attr: int borderlessButtonStyle
androidx.appcompat.R$styleable: int Toolbar_logo
androidx.appcompat.R$styleable: int GradientColor_android_centerY
androidx.appcompat.R$styleable: int Spinner_android_popupBackground
androidx.appcompat.widget.Toolbar: int getTitleMarginEnd()
androidx.appcompat.widget.Toolbar: void setSubtitleTextColor(int)
androidx.appcompat.R$id: int scrollView
androidx.appcompat.R$id: int tag_accessibility_actions
androidx.appcompat.R$styleable: int ActionBar_contentInsetStart
androidx.appcompat.R$styleable: int AppCompatTheme_ratingBarStyleIndicator
androidx.core.R$id: int accessibility_custom_action_7
androidx.appcompat.R$attr: int preserveIconSpacing
androidx.appcompat.R$styleable: int ColorStateListItem_alpha
androidx.appcompat.R$drawable: int abc_btn_switch_to_on_mtrl_00001
androidx.appcompat.R$color: int abc_background_cache_hint_selector_material_light
androidx.appcompat.widget.Toolbar: java.lang.CharSequence getTitle()
androidx.appcompat.R$styleable: int AppCompatTheme_imageButtonStyle
androidx.appcompat.R$style: int Widget_AppCompat_Light_Spinner_DropDown_ActionBar
androidx.appcompat.R$style: int TextAppearance_AppCompat_Widget_Button
androidx.appcompat.R$styleable: int LinearLayoutCompat_Layout_android_layout_height
androidx.appcompat.widget.LinearLayoutCompat: LinearLayoutCompat(android.content.Context,android.util.AttributeSet,int)
androidx.appcompat.widget.AppCompatButton: int getAutoSizeStepGranularity()
androidx.appcompat.widget.AppCompatSpinner: int getDropDownWidth()
androidx.appcompat.R$id: int action_bar_title
androidx.appcompat.R$color: int abc_primary_text_disable_only_material_dark
androidx.vectordrawable.graphics.drawable.VectorDrawableCompat$VGroup: void setRotation(float)
androidx.appcompat.R$attr: int backgroundSplit
androidx.appcompat.R$style: int Base_Widget_AppCompat_ListView_Menu
com.google.android.gms.common.api.GoogleApiActivity
androidx.appcompat.widget.Toolbar: void setTitleTextColor(int)