apk/source/app/build/outputs/mapping/release/mapping.txt
# compiler: R8
# compiler_version: 2.0.74
# min_api: 19
# pg_map_id: 5e2fa88
# common_typos_disable
app.vercel.my_password.twa.LauncherActivity -> app.vercel.my_password.twa.LauncherActivity:
    android.net.Uri getLaunchingUrl() -> f
...
com.google.android.gms.signin.zac -> c.a.a.a.e.e:
    com.google.android.gms.common.api.Api$Client buildClient(android.content.Context,android.os.Looper,com.google.android.gms.common.internal.ClientSettings,java.lang.Object,com.google.android.gms.common.api.GoogleApiClient$ConnectionCallbacks,com.google.android.gms.common.api.GoogleApiClient$OnConnectionFailedListener) -> c
com.google.android.gms.signin.zad -> c.a.a.a.e.f:
    void zaa(com.google.android.gms.signin.internal.zad) -> a
    void connect() -> d
    void zaa(com.google.android.gms.common.internal.IAccountAccessor,boolean) -> e
    void zacw() -> v
com.google.android.gms.tasks.OnCompleteListener -> c.a.a.a.f.a:
    void onComplete(com.google.android.gms.tasks.Task) -> a
com.google.android.gms.tasks.Task -> c.a.a.a.f.b:
    com.google.android.gms.tasks.Task addOnCompleteListener(java.util.concurrent.Executor,com.google.android.gms.tasks.OnCompleteListener) -> a
    java.lang.Exception getException() -> b
    boolean isSuccessful() -> c
com.google.android.gms.tasks.TaskCompletionSource -> c.a.a.a.f.c:
    com.google.android.gms.tasks.zzu zza -> a
    com.google.android.gms.tasks.Task getTask() -> a
    void setException(java.lang.Exception) -> b
    void setResult(java.lang.Object) -> c
    boolean trySetException(java.lang.Exception) -> d
    boolean trySetResult(java.lang.Object) -> e
com.google.android.gms.tasks.zzi -> c.a.a.a.f.d:
    java.util.concurrent.Executor zzd -> a
    java.lang.Object mLock -> b
    com.google.android.gms.tasks.OnCompleteListener zzl -> c
    void onComplete(com.google.android.gms.tasks.Task) -> a
    java.lang.Object zza(com.google.android.gms.tasks.zzi) -> b
    com.google.android.gms.tasks.OnCompleteListener zzb(com.google.android.gms.tasks.zzi) -> c
com.google.android.gms.tasks.zzj -> c.a.a.a.f.e:
    com.google.android.gms.tasks.zzi zzm -> c
    com.google.android.gms.tasks.Task zzg -> b
com.google.android.gms.tasks.zzq -> c.a.a.a.f.f:
    void onComplete(com.google.android.gms.tasks.Task) -> a
com.google.android.gms.tasks.zzr -> c.a.a.a.f.g:
    java.util.Queue zzt -> b
    java.lang.Object mLock -> a
    boolean zzu -> c
    void zza(com.google.android.gms.tasks.Task) -> a
    void zza(com.google.android.gms.tasks.zzq) -> b
com.google.android.gms.tasks.zzu -> c.a.a.a.f.h:
    java.lang.Exception zzab -> f
    com.google.android.gms.tasks.zzr zzx -> b
    java.lang.Object zzaa -> e
    java.lang.Object mLock -> a
    boolean zzy -> c
    boolean zzz -> d
    com.google.android.gms.tasks.Task addOnCompleteListener(java.util.concurrent.Executor,com.google.android.gms.tasks.OnCompleteListener) -> a
    java.lang.Exception getException() -> b
    boolean isSuccessful() -> c
    void setException(java.lang.Exception) -> d
    void setResult(java.lang.Object) -> e
    boolean trySetException(java.lang.Exception) -> f
    boolean trySetResult(java.lang.Object) -> g
    void zzc() -> h
    void zze() -> i
com.google.androidbrowserhelper.R$drawable -> c.a.b.a:
com.google.androidbrowserhelper.R$string -> c.a.b.b:
com.google.androidbrowserhelper.locationdelegation.-$$Lambda$PermissionRequestActivity$mfD8dOQ33u8DAQ94Uh-xUbQuKCA -> com.google.androidbrowserhelper.locationdelegation.a:
    androidx.browser.trusted.TrustedWebActivityCallbackRemote f$0 -> a