apk/source/app/build/outputs/mapping/release/usage.txt
app.vercel.my_password.twa.R$dimen
app.vercel.my_password.twa.R$integer
app.vercel.my_password.twa.R$bool
app.vercel.my_password.twa.R$layout
app.vercel.my_password.twa.R$string
app.vercel.my_password.twa.R$style
app.vercel.my_password.twa.R
app.vercel.my_password.twa.BuildConfig
app.vercel.my_password.twa.R$styleable
app.vercel.my_password.twa.R$raw
app.vercel.my_password.twa.R$mipmap
app.vercel.my_password.twa.R$interpolator
app.vercel.my_password.twa.R$color
app.vercel.my_password.twa.R$id
app.vercel.my_password.twa.R$attr
app.vercel.my_password.twa.R$anim
app.vercel.my_password.twa.R$drawable
app.vercel.my_password.twa.R$xml
...
com.google.android.gms.common.internal.SimpleClientAdapter:
    public void <init>(android.content.Context,android.os.Looper,int,com.google.android.gms.common.api.GoogleApiClient$ConnectionCallbacks,com.google.android.gms.common.api.GoogleApiClient$OnConnectionFailedListener,com.google.android.gms.common.internal.ClientSettings,com.google.android.gms.common.api.Api$SimpleClient)
com.google.android.gms.common.api.internal.GoogleServices
androidx.annotation.RequiresFeature
com.google.android.gms.base.R$string:
    private void <init>()
androidx.core.os.ParcelCompat
com.google.android.gms.common.server.response.zac
androidx.annotation.Px
androidx.customview.widget.ViewDragHelper$Callback
androidx.appcompat.widget.AppCompatImageButton:
    public void <init>(android.content.Context)
androidx.vectordrawable.R$color
androidx.core.R$id:
    private void <init>()
com.google.android.gms.common.internal.safeparcel.SafeParcelable$VersionField
androidx.appcompat.text.AllCapsTransformationMethod
com.google.android.gms.common.internal.SignInButtonCreator
com.google.android.gms.internal.location.zzan
androidx.viewpager.widget.PagerTabStrip$1
androidx.core.provider.FontsContractCompat$4$8
com.google.android.gms.common.internal.zaj
androidx.core.content.PermissionChecker$PermissionResult
com.google.android.gms.common.api.internal.zaah:
    public final com.google.android.gms.common.api.internal.BaseImplementation$ApiMethodImpl enqueue(com.google.android.gms.common.api.internal.BaseImplementation$ApiMethodImpl)
androidx.core.app.ActivityCompat$SharedElementCallback21Impl$1
com.google.android.gms.dynamic.zaa
com.google.android.gms.common.internal.ShowFirstParty
androidx.customview.R$drawable
androidx.core.app.NotificationManagerCompat$Task
androidx.core.os.ConfigurationCompat
androidx.core.util.Supplier
androidx.core.view.WindowCompat
androidx.appcompat.app.ActionBarDrawerToggle$FrameworkActionBarDelegate
com.google.android.gms.tasks.Tasks$zzc
androidx.appcompat.widget.ActionMenuPresenter$SavedState
androidx.vectordrawable.animated.R$attr
com.google.android.gms.common.zzo
androidx.fragment.R
androidx.annotation.StringRes
com.google.android.gms.common.api.internal.GoogleApiManager:
    public static void reportSignOut()
    public final void zaa(com.google.android.gms.common.api.internal.zaae)
    final void zab(com.google.android.gms.common.api.internal.zaae)
    final void maybeSignOut()
    public final com.google.android.gms.tasks.Task zac(com.google.android.gms.common.api.GoogleApi)
    public final void zaa(com.google.android.gms.common.api.GoogleApi,int,com.google.android.gms.common.api.internal.TaskApiCall,com.google.android.gms.tasks.TaskCompletionSource,com.google.android.gms.common.api.internal.StatusExceptionMapper)
    public final com.google.android.gms.tasks.Task zaa(com.google.android.gms.common.api.GoogleApi,com.google.android.gms.common.api.internal.RegisterListenerMethod,com.google.android.gms.common.api.internal.UnregisterListenerMethod)
    public final com.google.android.gms.tasks.Task zaa(com.google.android.gms.common.api.GoogleApi,com.google.android.gms.common.api.internal.ListenerHolder$ListenerKey)
com.google.android.gms.common.internal.zzo
androidx.core.app.NotificationManagerCompat$ServiceConnectedEvent
androidx.appcompat.app.ActionBar$OnNavigationListener
androidx.core.content.SharedPreferencesCompat$EditorCompat$Helper
androidx.core.view.inputmethod.InputConnectionCompat$2
com.google.android.gms.tasks.zzi:
    public final void cancel()
androidx.core.view.DragStartHelper$1
androidx.core.view.accessibility.AccessibilityManagerCompat$AccessibilityStateChangeListenerWrapper
androidx.core.app.JobIntentService$WorkEnqueuer